<?xml version="1.0" encoding="UTF-8"?>
<!-- Generated by org.testng.reporters.JUnitXMLReporter -->
<testsuite ignored="0" hostname="DESKTOP-I10571T" failures="0" tests="3" name="FirefoxTest" time="0.21" errors="0" timestamp="2022-02-15T17:45:05 IST">
  <testcase classname="com.sauceDemo.TestClasses.BaseClass" name="@BeforeClass setUpMethod" time="0.001">
    <failure type="java.lang.NullPointerException" message="Cannot invoke &amp;quot;org.openqa.selenium.WebDriver.manage()&amp;quot; because &amp;quot;this.driver&amp;quot; is null">
      <![CDATA[java.lang.NullPointerException: Cannot invoke "org.openqa.selenium.WebDriver.manage()" because "this.driver" is null
at com.sauceDemo.TestClasses.BaseClass.setUpMethod(BaseClass.java:50)
at java.base/java.util.concurrent.ThreadPoolExecutor.runWorker(ThreadPoolExecutor.java:1136)
at java.base/java.util.concurrent.ThreadPoolExecutor$Worker.run(ThreadPoolExecutor.java:635)
at java.base/java.lang.Thread.run(Thread.java:833)
... Removed 10 stack frames]]>
    </failure>
  </testcase> <!-- @BeforeClass setUpMethod -->
  <testcase classname="com.sauceDemo.TestClasses.BaseClass" name="@BeforeClass setUpMethod" time="0.003">
    <failure type="java.lang.NullPointerException" message="Cannot invoke &amp;quot;org.openqa.selenium.WebDriver.manage()&amp;quot; because &amp;quot;this.driver&amp;quot; is null">
      <![CDATA[java.lang.NullPointerException: Cannot invoke "org.openqa.selenium.WebDriver.manage()" because "this.driver" is null
at com.sauceDemo.TestClasses.BaseClass.setUpMethod(BaseClass.java:50)
at java.base/java.util.concurrent.ThreadPoolExecutor.runWorker(ThreadPoolExecutor.java:1136)
at java.base/java.util.concurrent.ThreadPoolExecutor$Worker.run(ThreadPoolExecutor.java:635)
at java.base/java.lang.Thread.run(Thread.java:833)
... Removed 10 stack frames]]>
    </failure>
  </testcase> <!-- @BeforeClass setUpMethod -->
  <testcase classname="com.sauceDemo.TestClasses.BaseClass" name="@BeforeMethod loginMethod" time="-1.644927305688E9">
    <skipped/>
  </testcase> <!-- @BeforeMethod loginMethod -->
  <testcase classname="com.sauceDemo.TestClasses.BaseClass" name="@AfterMethod logOutMethod" time="-1.644927305707E9">
    <skipped/>
  </testcase> <!-- @AfterMethod logOutMethod -->
  <testcase classname="com.sauceDemo.TestClasses.BaseClass" name="@AfterMethod tearDown" time="-1.64492730571E9">
    <skipped/>
  </testcase> <!-- @AfterMethod tearDown -->
  <testcase classname="com.sauceDemo.TestClasses.BaseClass" name="@AfterClass tearDown" time="-1.644927305713E9">
    <skipped/>
  </testcase> <!-- @AfterClass tearDown -->
  <testcase classname="com.sauceDemo.TestClasses.BaseClass" name="@BeforeMethod loginMethod" time="-1.644927305722E9">
    <skipped/>
  </testcase> <!-- @BeforeMethod loginMethod -->
  <testcase classname="com.sauceDemo.TestClasses.BaseClass" name="@AfterMethod logOutMethod" time="-1.644927305744E9">
    <skipped/>
  </testcase> <!-- @AfterMethod logOutMethod -->
  <testcase classname="com.sauceDemo.TestClasses.BaseClass" name="@AfterMethod tearDown" time="-1.644927305749E9">
    <skipped/>
  </testcase> <!-- @AfterMethod tearDown -->
  <testcase classname="com.sauceDemo.TestClasses.BaseClass" name="@AfterClass tearDown" time="-1.644927305757E9">
    <skipped/>
  </testcase> <!-- @AfterClass tearDown -->
  <testcase classname="com.sauceDemo.TestClasses.BaseClass" name="@BeforeClass setUpMethod" time="0.001">
    <failure type="java.lang.NullPointerException" message="Cannot invoke &amp;quot;org.openqa.selenium.WebDriver.manage()&amp;quot; because &amp;quot;this.driver&amp;quot; is null">
      <![CDATA[java.lang.NullPointerException: Cannot invoke "org.openqa.selenium.WebDriver.manage()" because "this.driver" is null
at com.sauceDemo.TestClasses.BaseClass.setUpMethod(BaseClass.java:50)
at java.base/java.util.concurrent.ThreadPoolExecutor.runWorker(ThreadPoolExecutor.java:1136)
at java.base/java.util.concurrent.ThreadPoolExecutor$Worker.run(ThreadPoolExecutor.java:635)
at java.base/java.lang.Thread.run(Thread.java:833)
... Removed 10 stack frames]]>
    </failure>
  </testcase> <!-- @BeforeClass setUpMethod -->
  <testcase classname="com.sauceDemo.TestClasses.BaseClass" name="@BeforeMethod loginMethod" time="-1.644927305836E9">
    <skipped/>
  </testcase> <!-- @BeforeMethod loginMethod -->
  <testcase classname="com.sauceDemo.TestClasses.BaseClass" name="@AfterMethod logOutMethod" time="-1.644927305844E9">
    <skipped/>
  </testcase> <!-- @AfterMethod logOutMethod -->
  <testcase classname="com.sauceDemo.TestClasses.BaseClass" name="@AfterMethod tearDown" time="-1.644927305868E9">
    <skipped/>
  </testcase> <!-- @AfterMethod tearDown -->
  <testcase classname="com.sauceDemo.TestClasses.BaseClass" name="@AfterClass tearDown" time="-1.644927305872E9">
    <skipped/>
  </testcase> <!-- @AfterClass tearDown -->
  <testcase classname="com.sauceDemo.TestClasses.TC03VerifyLogOutFunctionality" name="logoutfunctionality" time="0.0">
    <skipped/>
  </testcase> <!-- logoutfunctionality -->
  <testcase classname="com.sauceDemo.TestClasses.TC01VerifyLoginFunctionality" name="verityLogin" time="0.0">
    <skipped/>
  </testcase> <!-- verityLogin -->
  <testcase classname="com.sauceDemo.TestClasses.TC02VerifyAddToCartFunctionality" name="addtoCartFunctionality" time="0.0">
    <skipped/>
  </testcase> <!-- addtoCartFunctionality -->
</testsuite> <!-- FirefoxTest -->
