<?xml version="1.0" encoding="UTF-8"?>
<!-- Generated by org.testng.reporters.JUnitXMLReporter -->
<testsuite ignored="0" hostname="DESKTOP-I10571T" failures="1" tests="2" name="EdgeTest(failed)(failed)" time="8.032" errors="0" timestamp="2022-02-16T13:02:34 IST">
  <testcase classname="com.sauceDemo.TestClasses.TC03VerifyLogOutFunctionality" name="logoutfunctionality" time="0.206"/>
  <testcase classname="com.sauceDemo.TestClasses.TC02VerifyAddToCartFunctionality" name="addtoCartFunctionality" time="3.433">
    <failure type="java.lang.AssertionError" message="expected [true] but found [false]">
      <![CDATA[java.lang.AssertionError: expected [true] but found [false]
at com.sauceDemo.TestClasses.TC02VerifyAddToCartFunctionality.addtoCartFunctionality(TC02VerifyAddToCartFunctionality.java:35)
at java.base/java.util.concurrent.ThreadPoolExecutor.runWorker(ThreadPoolExecutor.java:1136)
at java.base/java.util.concurrent.ThreadPoolExecutor$Worker.run(ThreadPoolExecutor.java:635)
at java.base/java.lang.Thread.run(Thread.java:833)
... Removed 16 stack frames]]>
    </failure>
  </testcase> <!-- addtoCartFunctionality -->
</testsuite> <!-- EdgeTest(failed)(failed) -->
